<?xml version="1.0" encoding="UTF-8"?>
<!-- Generated by org.testng.reporters.JUnitReportReporter -->
<testsuite hostname="MAHESH-LENOVO-LAPTOP" failures="0" tests="4" name="study.testng.listener.OrangeHRMTest2" time="6.905" errors="0" timestamp="2024-08-16T16:02:42 IST" skipped="0">
  <testcase classname="study.testng.listener.OrangeHRMTest2" name="openApp" time="5.083"/>
  <testcase classname="study.testng.listener.OrangeHRMTest2" name="testLogo" time="0.032"/>
  <testcase classname="study.testng.listener.OrangeHRMTest2" name="testLogin" time="1.603"/>
  <testcase classname="study.testng.listener.OrangeHRMTest2" name="closeApp" time="0.187"/>
</testsuite> <!-- study.testng.listener.OrangeHRMTest2 -->
