<?xml version="1.0" encoding="UTF-8"?>
<!-- Generated by org.testng.reporters.JUnitReportReporter -->
<testsuite hostname="MAHESH-LENOVO-LAPTOP" failures="0" tests="1" name="testNG.TestNGTestOne" time="0.014" errors="0" timestamp="2024-08-12T15:42:51 IST" skipped="0">
  <testcase classname="testNG.TestNGTestOne" name="verifyHomePage" time="0.014"/>
</testsuite> <!-- testNG.TestNGTestOne -->
