<?xml version="1.0" encoding="UTF-8"?>
<!-- Generated by org.testng.reporters.JUnitReportReporter -->
<testsuite hostname="MAHESH-LAPTOP" failures="0" tests="2" name="testNG_byPavan.C3" time="0.003" errors="0" timestamp="2024-09-16T11:52:29 IST" skipped="0">
  <testcase classname="testNG_byPavan.C3" name="pqr" time="0.001"/>
  <testcase classname="testNG_byPavan.C3" name="pqr" time="0.002"/>
</testsuite> <!-- testNG_byPavan.C3 -->
