<?xml version="1.0" encoding="UTF-8"?>
<!-- Generated by org.testng.reporters.JUnitReportReporter -->
<testsuite hostname="MAHESH-LAPTOP" failures="0" tests="9" name="study.testng.ParameterTest" time="0.441" errors="0" timestamp="2024-10-31T09:24:50 IST" skipped="0">
  <testcase classname="study.testng.ParameterTest" name="testLogo" time="0.145"/>
  <testcase classname="study.testng.ParameterTest" name="testLogo" time="0.082"/>
  <testcase classname="study.testng.ParameterTest" name="testLogo" time="0.133"/>
  <testcase classname="study.testng.ParameterTest" name="testTitle" time="0.012"/>
  <testcase classname="study.testng.ParameterTest" name="testTitle" time="0.011"/>
  <testcase classname="study.testng.ParameterTest" name="testTitle" time="0.023"/>
  <testcase classname="study.testng.ParameterTest" name="testURL" time="0.017"/>
  <testcase classname="study.testng.ParameterTest" name="testURL" time="0.007"/>
  <testcase classname="study.testng.ParameterTest" name="testURL" time="0.011"/>
</testsuite> <!-- study.testng.ParameterTest -->
