<?xml version="1.0" encoding="UTF-8"?>
<!-- Generated by org.testng.reporters.JUnitReportReporter -->
<testsuite hostname="MAHESH-LAPTOP" failures="0" tests="1" name="selenium.Select2LastValue" time="13.018" errors="0" timestamp="2024-11-11T19:37:07 IST" skipped="0">
  <testcase classname="selenium.Select2LastValue" name="select2LastValue" time="13.018"/>
</testsuite> <!-- selenium.Select2LastValue -->
