<?xml version="1.0" encoding="UTF-8"?>
<!-- Generated by org.testng.reporters.JUnitReportReporter -->
<testsuite hostname="MAHESH-LAPTOP" failures="0" tests="2" name="study.testng.PaymentTest" time="0.002" errors="0" timestamp="2024-10-31T09:17:23 IST" skipped="0">
  <testcase classname="study.testng.PaymentTest" name="paymentInRupees" time="0.002"/>
  <testcase classname="study.testng.PaymentTest" name="paymentInDollar" time="0.000"/>
</testsuite> <!-- study.testng.PaymentTest -->
