<?xml version="1.0" encoding="UTF-8"?>
<!-- Generated by org.testng.reporters.JUnitReportReporter -->
<testsuite hostname="MAHESH-LENOVO-LAPTOP" failures="0" tests="3" name="testNG.Payment" time="0.012" errors="0" timestamp="2024-08-12T17:06:41 IST" skipped="0">
  <testcase classname="testNG.Payment" name="paymentInDoller" time="0.008"/>
  <testcase classname="testNG.Payment" name="paymentInRupees" time="0.001"/>
  <testcase classname="testNG.Payment" name="paymentInRupees" time="0.003"/>
</testsuite> <!-- testNG.Payment -->
