<?xml version="1.0" encoding="UTF-8"?>
<!-- Generated by org.testng.reporters.JUnitReportReporter -->
<testsuite hostname="MAHESH-LAPTOP" failures="0" tests="4" name="testNG.AnnotationDemo6" time="0.026" errors="0" timestamp="2024-11-11T13:34:29 IST" skipped="0">
  <testcase classname="testNG.AnnotationDemo6" name="testA" time="0.008"/>
  <testcase classname="testNG.AnnotationDemo6" name="testAdvSearch" time="0.005"/>
  <testcase classname="testNG.AnnotationDemo6" name="testSearch" time="0.010"/>
  <testcase classname="testNG.AnnotationDemo6" name="testLogin" time="0.003"/>
</testsuite> <!-- testNG.AnnotationDemo6 -->
