<?xml version="1.0" encoding="UTF-8"?>
<!-- Generated by org.testng.reporters.JUnitReportReporter -->
<testsuite hostname="MAHESH-LAPTOP" failures="0" tests="1" name="opencart_PageFactoryModel.LoginTest" time="3.555" errors="0" timestamp="2024-09-18T13:02:30 IST" skipped="0">
  <testcase classname="opencart_PageFactoryModel.LoginTest" name="testLogin" time="3.555"/>
</testsuite> <!-- opencart_PageFactoryModel.LoginTest -->
