<?xml version="1.0" encoding="UTF-8"?>
<!-- Generated by org.testng.reporters.JUnitReportReporter -->
<testsuite hostname="MAHESH-LAPTOP" failures="0" tests="5" name="testNG_byPavan.OpenCartTest" time="9.070" errors="0" timestamp="2024-09-15T23:37:47 IST" skipped="0">
  <testcase classname="testNG_byPavan.OpenCartTest" name="openApp" time="4.601"/>
  <testcase classname="testNG_byPavan.OpenCartTest" name="testLogo" time="2.039"/>
  <testcase classname="testNG_byPavan.OpenCartTest" name="testLogin" time="1.103"/>
  <testcase classname="testNG_byPavan.OpenCartTest" name="testLogout" time="0.513"/>
  <testcase classname="testNG_byPavan.OpenCartTest" name="closeApp" time="0.814"/>
</testsuite> <!-- testNG_byPavan.OpenCartTest -->
