<?xml version="1.0" encoding="UTF-8"?>
<!-- Generated by org.testng.reporters.JUnitReportReporter -->
<testsuite hostname="MAHESH-LAPTOP" failures="0" tests="4" name="study.testng.AnnotationDemo2" time="0.025" errors="0" timestamp="2024-10-28T15:48:41 IST" skipped="0">
  <testcase classname="study.testng.AnnotationDemo2" name="test1" time="0.016"/>
  <testcase classname="study.testng.AnnotationDemo2" name="test2" time="0.004"/>
  <testcase classname="study.testng.AnnotationDemo2" name="test3" time="0.001"/>
  <testcase classname="study.testng.AnnotationDemo2" name="test4" time="0.004"/>
</testsuite> <!-- study.testng.AnnotationDemo2 -->
