<?xml version="1.0" encoding="UTF-8"?>
<!-- Generated by org.testng.reporters.JUnitReportReporter -->
<testsuite hostname="MAHESH-LAPTOP" failures="0" tests="1" name="selenium.BrokenLinks_2" time="41.752" errors="0" timestamp="2024-11-11T10:41:08 IST" skipped="0">
  <testcase classname="selenium.BrokenLinks_2" name="testBrokenLinks" time="41.752"/>
</testsuite> <!-- selenium.BrokenLinks_2 -->
