<?xml version="1.0" encoding="UTF-8"?>
<!-- Generated by org.testng.reporters.JUnitReportReporter -->
<testsuite hostname="MAHESH-LENOVO-LAPTOP" failures="0" tests="1" name="study.selenium.TC2_DataTest" time="8.703" errors="0" timestamp="2024-08-20T02:44:16 IST" skipped="0">
  <testcase classname="study.selenium.TC2_DataTest" name="testData1" time="8.703"/>
</testsuite> <!-- study.selenium.TC2_DataTest -->
