<?xml version="1.0" encoding="UTF-8"?>
<!-- Generated by org.testng.reporters.JUnitReportReporter -->
<testsuite hostname="MAHESH-LENOVO-LAPTOP" failures="0" tests="2" name="study.testng.AnnotationDemo3" time="0.009" errors="0" timestamp="2024-08-14T16:00:01 IST" skipped="0">
  <testcase classname="study.testng.AnnotationDemo3" name="search" time="0.006"/>
  <testcase classname="study.testng.AnnotationDemo3" name="advSearch" time="0.003"/>
</testsuite> <!-- study.testng.AnnotationDemo3 -->
