<?xml version="1.0" encoding="UTF-8"?>
<!-- Generated by org.testng.reporters.JUnitReportReporter -->
<testsuite hostname="MAHESH-LENOVO-LAPTOP" failures="0" tests="1" name="study.pom.LoginTest" time="1.864" errors="0" timestamp="2024-08-17T11:05:49 IST" skipped="0">
  <testcase classname="study.pom.LoginTest" name="testLogin" time="1.864"/>
</testsuite> <!-- study.pom.LoginTest -->
