<?xml version="1.0" encoding="UTF-8"?>
<!-- Generated by org.testng.reporters.JUnitReportReporter -->
<testsuite hostname="MAHESH-LAPTOP" failures="0" tests="3" name="testNG_byPavan.FirstTestCase" time="0.012" errors="0" timestamp="2024-09-15T23:37:47 IST" skipped="0">
  <testcase classname="testNG_byPavan.FirstTestCase" name="openapp" time="0.004"/>
  <testcase classname="testNG_byPavan.FirstTestCase" name="login" time="0.004"/>
  <testcase classname="testNG_byPavan.FirstTestCase" name="logout" time="0.004"/>
</testsuite> <!-- testNG_byPavan.FirstTestCase -->
