<?xml version="1.0" encoding="UTF-8"?>
<!-- Generated by org.testng.reporters.JUnitReportReporter -->
<testsuite hostname="MAHESH-LAPTOP" failures="0" tests="1" name="selenium.DropDownSearch" time="17.104" errors="0" timestamp="2024-10-31T16:34:05 IST" skipped="0">
  <testcase classname="selenium.DropDownSearch" name="testDropdownValues" time="17.104"/>
</testsuite> <!-- selenium.DropDownSearch -->
