<?xml version="1.0" encoding="UTF-8"?>
<!-- Generated by org.testng.reporters.JUnitReportReporter -->
<testsuite hostname="MAHESH-LENOVO-LAPTOP" failures="0" tests="1" name="study.selenium.TC1_LoginTest" time="8.464" errors="0" timestamp="2024-08-19T11:00:37 IST" skipped="0">
  <testcase classname="study.selenium.TC1_LoginTest" name="testLoginData1" time="8.464"/>
</testsuite> <!-- study.selenium.TC1_LoginTest -->
