<?xml version="1.0" encoding="UTF-8"?>
<!-- Generated by org.testng.reporters.JUnitReportReporter -->
<testsuite hostname="MAHESH-LAPTOP" failures="0" tests="3" name="testNG_byPavan.SignupTest" time="0.014" errors="0" timestamp="2024-09-16T17:31:10 IST" skipped="0">
  <testcase classname="testNG_byPavan.SignupTest" name="signupByEmail" time="0.009"/>
  <testcase classname="testNG_byPavan.SignupTest" name="signupByFacebook" time="0.002"/>
  <testcase classname="testNG_byPavan.SignupTest" name="signupByTwitter" time="0.003"/>
</testsuite> <!-- testNG_byPavan.SignupTest -->
