<?xml version="1.0" encoding="UTF-8"?>
<!-- Generated by org.testng.reporters.JUnitReportReporter -->
<testsuite hostname="MAHESH-LAPTOP" failures="0" tests="4" name="testNG.AllAnnotations" time="0.047" errors="0" timestamp="2024-11-06T12:21:05 IST" skipped="0">
  <testcase classname="testNG.AllAnnotations" name="test2" time="0.007"/>
  <testcase classname="testNG.AllAnnotations" name="test2" time="0.004"/>
  <testcase classname="testNG.AllAnnotations" name="test1" time="0.011"/>
  <testcase classname="testNG.AllAnnotations" name="test1" time="0.025"/>
</testsuite> <!-- testNG.AllAnnotations -->
