<?xml version="1.0" encoding="UTF-8"?>
<!-- Generated by org.testng.reporters.JUnitReportReporter -->
<testsuite hostname="MAHESH-LENOVO-LAPTOP" failures="0" tests="6" name="study.testng.AnnotationDemo1" time="0.015" errors="0" timestamp="2024-08-14T17:42:21 IST" skipped="0">
  <testcase classname="study.testng.AnnotationDemo1" name="test1" time="0.002"/>
  <testcase classname="study.testng.AnnotationDemo1" name="test1" time="0.005"/>
  <testcase classname="study.testng.AnnotationDemo1" name="test2" time="0.002"/>
  <testcase classname="study.testng.AnnotationDemo1" name="test2" time="0.001"/>
  <testcase classname="study.testng.AnnotationDemo1" name="test3" time="0.002"/>
  <testcase classname="study.testng.AnnotationDemo1" name="test3" time="0.003"/>
</testsuite> <!-- study.testng.AnnotationDemo1 -->
