<?xml version="1.0" encoding="UTF-8"?>
<!-- Generated by org.testng.reporters.JUnitReportReporter -->
<testsuite hostname="MAHESH-LENOVO-LAPTOP" failures="0" tests="2" name="testNG.TestNGStudy1" time="0.002" errors="0" timestamp="2024-08-12T17:08:57 IST" skipped="0">
  <testcase classname="testNG.TestNGStudy1" name="Test_1" time="0.001"/>
  <testcase classname="testNG.TestNGStudy1" name="Test_2" time="0.001"/>
</testsuite> <!-- testNG.TestNGStudy1 -->
