<?xml version="1.0" encoding="UTF-8"?>
<!-- Generated by org.testng.reporters.JUnitReportReporter -->
<testsuite hostname="MAHESH-LENOVO-LAPTOP" failures="0" tests="2" name="study.testng.PaymentTest" time="0.013" errors="0" timestamp="2024-08-15T11:27:37 IST" skipped="0">
  <testcase classname="study.testng.PaymentTest" name="paymentInRupees" time="0.009"/>
  <testcase classname="study.testng.PaymentTest" name="paymentInDollar" time="0.004"/>
</testsuite> <!-- study.testng.PaymentTest -->
