<?xml version="1.0" encoding="UTF-8"?>
<!-- Generated by org.testng.reporters.JUnitReportReporter -->
<testsuite hostname="MAHESH-LAPTOP" failures="0" tests="1" name="javaprograms.FindFrames" time="11.655" errors="0" timestamp="2024-11-05T13:08:02 IST" skipped="0">
  <testcase classname="javaprograms.FindFrames" name="getFrameName" time="11.655"/>
</testsuite> <!-- javaprograms.FindFrames -->
