<?xml version="1.0" encoding="UTF-8"?>
<!-- Generated by org.testng.reporters.JUnitReportReporter -->
<testsuite hostname="MAHESH-LENOVO-LAPTOP" failures="0" tests="1" name="testNG.HardAssert" time="10.631" errors="0" timestamp="2024-08-12T17:08:57 IST" skipped="0">
  <testcase classname="testNG.HardAssert" name="testTitle" time="10.631"/>
</testsuite> <!-- testNG.HardAssert -->
