<?xml version="1.0" encoding="UTF-8"?>
<!-- Generated by org.testng.reporters.JUnitReportReporter -->
<testsuite hostname="MAHESH-LENOVO-LAPTOP" failures="0" tests="5" name="study.testng.AnnotationDemo4" time="0.022" errors="0" timestamp="2024-08-15T08:53:52 IST" skipped="0">
  <testcase classname="study.testng.AnnotationDemo4" name="openapp" time="0.011"/>
  <testcase classname="study.testng.AnnotationDemo4" name="login" time="0.002"/>
  <testcase classname="study.testng.AnnotationDemo4" name="search" time="0.004"/>
  <testcase classname="study.testng.AnnotationDemo4" name="advsearch" time="0.001"/>
  <testcase classname="study.testng.AnnotationDemo4" name="logout" time="0.004"/>
</testsuite> <!-- study.testng.AnnotationDemo4 -->
