<?xml version="1.0" encoding="UTF-8"?>
<!-- Generated by org.testng.reporters.JUnitReportReporter -->
<testsuite hostname="MAHESH-LAPTOP" failures="0" tests="2" name="testNG.AllAnnotations" time="0.021" errors="0" timestamp="2024-10-30T11:21:03 IST" skipped="0">
  <testcase classname="testNG.AllAnnotations" name="test1" time="0.012"/>
  <testcase classname="testNG.AllAnnotations" name="test2" time="0.009"/>
</testsuite> <!-- testNG.AllAnnotations -->
