<?xml version="1.0" encoding="UTF-8"?>
<!-- Generated by org.testng.reporters.JUnitReportReporter -->
<testsuite hostname="MAHESH-LAPTOP" failures="0" tests="1" name="pageObjectPackage.LoginTest" time="6.833" errors="0" timestamp="2024-11-04T14:06:58 IST" skipped="0">
  <testcase classname="pageObjectPackage.LoginTest" name="testSwitchWindow" time="6.833"/>
</testsuite> <!-- pageObjectPackage.LoginTest -->
