<?xml version="1.0" encoding="UTF-8"?>
<!-- Generated by org.testng.reporters.JUnitReportReporter -->
<testsuite hostname="MAHESH-LENOVO-LAPTOP" failures="0" tests="2" name="testNG.Login" time="0.004" errors="0" timestamp="2024-08-12T17:06:41 IST" skipped="0">
  <testcase classname="testNG.Login" name="loginByEmail" time="0.002"/>
  <testcase classname="testNG.Login" name="loginByFacebook" time="0.002"/>
</testsuite> <!-- testNG.Login -->
