<?xml version="1.0" encoding="UTF-8"?>
<!-- Generated by org.testng.reporters.JUnitReportReporter -->
<testsuite hostname="MAHESH-LAPTOP" failures="0" tests="3" name="study.testng.AnnotationDemo1" time="0.014" errors="0" timestamp="2024-10-28T15:47:22 IST" skipped="0">
  <testcase classname="study.testng.AnnotationDemo1" name="test1" time="0.012"/>
  <testcase classname="study.testng.AnnotationDemo1" name="test2" time="0.001"/>
  <testcase classname="study.testng.AnnotationDemo1" name="test3" time="0.001"/>
</testsuite> <!-- study.testng.AnnotationDemo1 -->
