<?xml version="1.0" encoding="UTF-8"?>
<!-- Generated by org.testng.reporters.JUnitReportReporter -->
<testsuite hostname="MAHESH-LAPTOP" failures="0" tests="1" name="study.selenium.AutomateShine" time="22.350" errors="0" timestamp="2024-11-08T09:13:27 IST" skipped="0">
  <testcase classname="study.selenium.AutomateShine" name="testLogin" time="22.350"/>
</testsuite> <!-- study.selenium.AutomateShine -->
