<?xml version="1.0" encoding="UTF-8"?>
<!-- Generated by org.testng.reporters.JUnitReportReporter -->
<testsuite hostname="MAHESH-LAPTOP" failures="0" tests="1" name="testNG_byPavan.AssertionDemo" time="0.011" errors="0" timestamp="2024-09-16T15:14:55 IST" skipped="0">
  <testcase classname="testNG_byPavan.AssertionDemo" name="testTitle" time="0.011"/>
</testsuite> <!-- testNG_byPavan.AssertionDemo -->
