<?xml version="1.0" encoding="UTF-8"?>
<!-- Generated by org.testng.reporters.JUnitReportReporter -->
<testsuite hostname="MAHESH-LAPTOP" failures="0" tests="3" name="testNG_byPavan.LoginTest" time="0.005" errors="0" timestamp="2024-09-16T17:31:10 IST" skipped="0">
  <testcase classname="testNG_byPavan.LoginTest" name="loginByEmail" time="0.002"/>
  <testcase classname="testNG_byPavan.LoginTest" name="loginByFacebook" time="0.002"/>
  <testcase classname="testNG_byPavan.LoginTest" name="loginByTwitter" time="0.001"/>
</testsuite> <!-- testNG_byPavan.LoginTest -->
