<?xml version="1.0" encoding="UTF-8"?>
<!-- Generated by org.testng.reporters.JUnitReportReporter -->
<testsuite hostname="MAHESH-LENOVO-LAPTOP" failures="0" tests="2" name="myProject.FixedDepositCalculator" time="62.843" errors="0" timestamp="2024-08-13T19:02:51 IST" skipped="0">
  <testcase classname="myProject.FixedDepositCalculator" name="launchApp" time="30.389"/>
  <testcase classname="myProject.FixedDepositCalculator" name="launchApp" time="32.454"/>
</testsuite> <!-- myProject.FixedDepositCalculator -->
