<?xml version="1.0" encoding="UTF-8"?>
<!-- Generated by org.testng.reporters.JUnitReportReporter -->
<testsuite hostname="MAHESH-LAPTOP" failures="0" tests="4" name="testNG.TestDataProvider2" time="37.002" errors="0" timestamp="2024-09-16T18:46:02 IST" skipped="0">
  <testcase classname="testNG.TestDataProvider2" name="login" time="8.186"/>
  <testcase classname="testNG.TestDataProvider2" name="login" time="12.894"/>
  <testcase classname="testNG.TestDataProvider2" name="login" time="8.467"/>
  <testcase classname="testNG.TestDataProvider2" name="login" time="7.455"/>
</testsuite> <!-- testNG.TestDataProvider2 -->
