<?xml version="1.0" encoding="UTF-8"?>
<!-- Generated by org.testng.reporters.JUnitReportReporter -->
<testsuite hostname="MAHESH-LAPTOP" failures="0" tests="3" name="testNG.FirstTestCase" time="0.012" errors="0" timestamp="2024-09-15T22:06:00 IST" skipped="0">
  <testcase classname="testNG.FirstTestCase" name="openapp" time="0.009"/>
  <testcase classname="testNG.FirstTestCase" name="login" time="0.001"/>
  <testcase classname="testNG.FirstTestCase" name="logout" time="0.002"/>
</testsuite> <!-- testNG.FirstTestCase -->
