<?xml version="1.0" encoding="UTF-8"?>
<!-- Generated by org.testng.reporters.JUnitReportReporter -->
<testsuite hostname="MAHESH-LAPTOP" failures="0" tests="6" name="testNG.Guru99_TestLogin" time="32.592" errors="0" timestamp="2024-09-16T18:36:00 IST" skipped="0">
  <testcase classname="testNG.Guru99_TestLogin" name="launchApp" time="8.236"/>
  <testcase classname="testNG.Guru99_TestLogin" name="isHomePageLoaded" time="2.103"/>
  <testcase classname="testNG.Guru99_TestLogin" name="enterCredentials" time="8.357"/>
  <testcase classname="testNG.Guru99_TestLogin" name="isUserLoggedIn" time="2.052"/>
  <testcase classname="testNG.Guru99_TestLogin" name="istUserLoggedOut" time="8.644"/>
  <testcase classname="testNG.Guru99_TestLogin" name="closeBrowser" time="3.200"/>
</testsuite> <!-- testNG.Guru99_TestLogin -->
