<?xml version="1.0" encoding="UTF-8"?>
<!-- Generated by org.testng.reporters.JUnitReportReporter -->
<testsuite hostname="MAHESH-LAPTOP" failures="0" tests="3" name="testNG.FirstTestCase" time="0.019" errors="0" timestamp="2024-11-06T12:25:36 IST" skipped="0">
  <testcase classname="testNG.FirstTestCase" name="openapp" time="0.012"/>
  <testcase classname="testNG.FirstTestCase" name="login" time="0.003"/>
  <testcase classname="testNG.FirstTestCase" name="logout" time="0.004"/>
</testsuite> <!-- testNG.FirstTestCase -->
