<?xml version="1.0" encoding="UTF-8"?>
<!-- Generated by org.testng.reporters.JUnitReportReporter -->
<testsuite hostname="MAHESH-LAPTOP" failures="0" tests="2" name="testNG_byPavan.AnnotationDemo_1" time="0.018" errors="0" timestamp="2024-09-16T08:39:58 IST" skipped="0">
  <testcase classname="testNG_byPavan.AnnotationDemo_1" name="search" time="0.017"/>
  <testcase classname="testNG_byPavan.AnnotationDemo_1" name="advancedsearch" time="0.001"/>
</testsuite> <!-- testNG_byPavan.AnnotationDemo_1 -->
