<?xml version="1.0" encoding="UTF-8"?>
<!-- Generated by org.testng.reporters.JUnitReportReporter -->
<testsuite hostname="MAHESH-LAPTOP" failures="0" tests="5" name="testNG_byPavan.OrangeHRMTest" time="27.430" errors="0" timestamp="2024-09-15T23:12:06 IST" skipped="0">
  <testcase classname="testNG_byPavan.OrangeHRMTest" name="openApp" time="19.670"/>
  <testcase classname="testNG_byPavan.OrangeHRMTest" name="testLogo" time="2.065"/>
  <testcase classname="testNG_byPavan.OrangeHRMTest" name="testLogin" time="2.115"/>
  <testcase classname="testNG_byPavan.OrangeHRMTest" name="testLogout" time="3.436"/>
  <testcase classname="testNG_byPavan.OrangeHRMTest" name="closeApp" time="0.144"/>
</testsuite> <!-- testNG_byPavan.OrangeHRMTest -->
