<?xml version="1.0" encoding="UTF-8"?>
<!-- Generated by org.testng.reporters.JUnitReportReporter -->
<testsuite hostname="MAHESH-LAPTOP" failures="0" tests="5" name="Selenium.Cookies" time="0.161" errors="0" timestamp="2024-11-23T11:38:56 IST" skipped="0">
  <testcase classname="Selenium.Cookies" name="getAllCookies" time="0.081"/>
  <testcase classname="Selenium.Cookies" name="addCookie" time="0.023"/>
  <testcase classname="Selenium.Cookies" name="getSpecificCookie" time="0.014"/>
  <testcase classname="Selenium.Cookies" name="deleteAllCookie" time="0.034"/>
  <testcase classname="Selenium.Cookies" name="getAllCookies2" time="0.009"/>
</testsuite> <!-- Selenium.Cookies -->
