<?xml version="1.0" encoding="UTF-8"?>
<!-- Generated by org.testng.reporters.JUnitReportReporter -->
<testsuite hostname="MAHESH-LENOVO-LAPTOP" failures="0" tests="1" name="myProject.TC2_DataTest" time="8.885" errors="0" timestamp="2024-08-12T10:42:06 IST" skipped="0">
  <testcase classname="myProject.TC2_DataTest" name="testData1" time="8.885"/>
</testsuite> <!-- myProject.TC2_DataTest -->
