<?xml version="1.0" encoding="UTF-8"?>
<!-- Generated by org.testng.reporters.JUnitReportReporter -->
<testsuite hostname="MAHESH-LENOVO-LAPTOP" failures="0" tests="3" name="testNG.TestNGStudy2" time="0.005" errors="0" timestamp="2024-08-12T17:08:57 IST" skipped="0">
  <testcase classname="testNG.TestNGStudy2" name="Test_1" time="0.003"/>
  <testcase classname="testNG.TestNGStudy2" name="Test_2" time="0.001"/>
  <testcase classname="testNG.TestNGStudy2" name="Test_3" time="0.001"/>
</testsuite> <!-- testNG.TestNGStudy2 -->
