<?xml version="1.0" encoding="UTF-8"?>
<!-- Generated by org.testng.reporters.JUnitReportReporter -->
<testsuite hostname="MAHESH-LENOVO-LAPTOP" failures="0" tests="3" name="study.testng.FirstTestCase" time="0.024" errors="0" timestamp="2024-08-14T12:37:30 IST" skipped="0">
  <testcase classname="study.testng.FirstTestCase" name="openapp" time="0.014"/>
  <testcase classname="study.testng.FirstTestCase" name="login" time="0.008"/>
  <testcase classname="study.testng.FirstTestCase" name="logout" time="0.002"/>
</testsuite> <!-- study.testng.FirstTestCase -->
