<?xml version="1.0" encoding="UTF-8"?>
<!-- Generated by org.testng.reporters.JUnitReportReporter -->
<testsuite hostname="MAHESH-LAPTOP" failures="0" tests="2" name="testNG.OpenCart_TestLogin_UsingDataProvider" time="20.697" errors="0" timestamp="2024-11-06T13:25:33 IST" skipped="0">
  <testcase classname="testNG.OpenCart_TestLogin_UsingDataProvider" name="testLogin" time="12.002"/>
  <testcase classname="testNG.OpenCart_TestLogin_UsingDataProvider" name="testLogin" time="8.695"/>
</testsuite> <!-- testNG.OpenCart_TestLogin_UsingDataProvider -->
