<?xml version="1.0" encoding="UTF-8"?>
<!-- Generated by org.testng.reporters.JUnitReportReporter -->
<testsuite hostname="MAHESH-LAPTOP" failures="0" tests="3" name="testNG.AnnotationDemo5" time="0.018" errors="0" timestamp="2024-11-11T13:29:58 IST" skipped="0">
  <testcase classname="testNG.AnnotationDemo5" name="testAdvSearch" time="0.002"/>
  <testcase classname="testNG.AnnotationDemo5" name="testSearch" time="0.014"/>
  <testcase classname="testNG.AnnotationDemo5" name="testLogin" time="0.002"/>
</testsuite> <!-- testNG.AnnotationDemo5 -->
