<?xml version="1.0" encoding="UTF-8"?>
<!-- Generated by org.testng.reporters.JUnitReportReporter -->
<testsuite hostname="MAHESH-LAPTOP" failures="0" tests="5" name="testNG.DependsOnMethodsDemo" time="0.032" errors="0" timestamp="2024-11-06T12:24:44 IST" skipped="0">
  <testcase classname="testNG.DependsOnMethodsDemo" name="openapp" time="0.018"/>
  <testcase classname="testNG.DependsOnMethodsDemo" name="login" time="0.003"/>
  <testcase classname="testNG.DependsOnMethodsDemo" name="search" time="0.001"/>
  <testcase classname="testNG.DependsOnMethodsDemo" name="advsearch" time="0.003"/>
  <testcase classname="testNG.DependsOnMethodsDemo" name="logout" time="0.007"/>
</testsuite> <!-- testNG.DependsOnMethodsDemo -->
