<?xml version="1.0" encoding="UTF-8"?>
<!-- Generated by org.testng.reporters.JUnitReportReporter -->
<testsuite hostname="MAHESH-LENOVO-LAPTOP" failures="0" tests="8" name="study.testng.AnnotationDemo2" time="0.034" errors="0" timestamp="2024-08-14T17:42:21 IST" skipped="0">
  <testcase classname="study.testng.AnnotationDemo2" name="test1" time="0.004"/>
  <testcase classname="study.testng.AnnotationDemo2" name="test1" time="0.006"/>
  <testcase classname="study.testng.AnnotationDemo2" name="test2" time="0.006"/>
  <testcase classname="study.testng.AnnotationDemo2" name="test2" time="0.003"/>
  <testcase classname="study.testng.AnnotationDemo2" name="test3" time="0.002"/>
  <testcase classname="study.testng.AnnotationDemo2" name="test3" time="0.004"/>
  <testcase classname="study.testng.AnnotationDemo2" name="test4" time="0.003"/>
  <testcase classname="study.testng.AnnotationDemo2" name="test4" time="0.006"/>
</testsuite> <!-- study.testng.AnnotationDemo2 -->
