<?xml version="1.0" encoding="UTF-8"?>
<!-- Generated by org.testng.reporters.JUnitReportReporter -->
<testsuite hostname="MAHESH-LAPTOP" failures="0" tests="1" name="selenium.HandleCookies" time="3.229" errors="0" timestamp="2024-11-11T00:27:03 IST" skipped="0">
  <testcase classname="selenium.HandleCookies" name="testCookies" time="3.229"/>
</testsuite> <!-- selenium.HandleCookies -->
