<?xml version="1.0" encoding="UTF-8"?>
<!-- Generated by org.testng.reporters.JUnitReportReporter -->
<testsuite hostname="MAHESH-LAPTOP" failures="0" tests="2" name="testNG_byPavan.AnnotationDemo_2" time="0.017" errors="0" timestamp="2024-09-16T08:51:25 IST" skipped="0">
  <testcase classname="testNG_byPavan.AnnotationDemo_2" name="search" time="0.010"/>
  <testcase classname="testNG_byPavan.AnnotationDemo_2" name="advancedsearch" time="0.007"/>
</testsuite> <!-- testNG_byPavan.AnnotationDemo_2 -->
