<?xml version="1.0" encoding="UTF-8"?>
<!-- Generated by org.testng.reporters.JUnitReportReporter -->
<testsuite hostname="MAHESH-LAPTOP" failures="0" tests="1" name="study.interview.HandleDynamicWebElement" time="18.417" errors="0" timestamp="2024-11-09T09:29:26 IST" skipped="0">
  <testcase classname="study.interview.HandleDynamicWebElement" name="testDynamicWebElement" time="18.417"/>
</testsuite> <!-- study.interview.HandleDynamicWebElement -->
