<?xml version="1.0" encoding="UTF-8"?>
<!-- Generated by org.testng.reporters.JUnitReportReporter -->
<testsuite hostname="MAHESH-LAPTOP" failures="0" tests="2" name="CrossBrowserTesting.UserLogin" time="6.961" errors="0" timestamp="2024-11-11T11:24:34 IST" skipped="0">
  <testcase classname="CrossBrowserTesting.UserLogin" name="testUserLogin" time="3.266"/>
  <testcase classname="CrossBrowserTesting.UserLogin" name="testUserLogin" time="3.695"/>
</testsuite> <!-- CrossBrowserTesting.UserLogin -->
