<?xml version="1.0" encoding="UTF-8"?>
<!-- Generated by org.testng.reporters.JUnitReportReporter -->
<testsuite hostname="MAHESH-LAPTOP" failures="0" tests="1" name="pageObjectPackage.LoginTest" time="0.148" errors="0" timestamp="2024-11-05T12:30:49 IST" skipped="0">
  <testcase classname="pageObjectPackage.LoginTest" name="testImageClick" time="0.148"/>
</testsuite> <!-- pageObjectPackage.LoginTest -->
