<?xml version="1.0" encoding="UTF-8"?>
<!-- Generated by org.testng.reporters.JUnitReportReporter -->
<testsuite hostname="MAHESH-LAPTOP" failures="0" tests="2" name="testNG_byPavan.PaymentTest" time="0.012" errors="0" timestamp="2024-09-16T17:36:27 IST" skipped="0">
  <testcase classname="testNG_byPavan.PaymentTest" name="paymentInRupees" time="0.011"/>
  <testcase classname="testNG_byPavan.PaymentTest" name="paymentInDoller" time="0.001"/>
</testsuite> <!-- testNG_byPavan.PaymentTest -->
