<?xml version="1.0" encoding="UTF-8"?>
<!-- Generated by org.testng.reporters.JUnitReportReporter -->
<testsuite hostname="MAHESH-LAPTOP" failures="0" tests="2" name="testNG_byPavan.C1" time="0.007" errors="0" timestamp="2024-09-16T11:52:29 IST" skipped="0">
  <testcase classname="testNG_byPavan.C1" name="abc" time="0.006"/>
  <testcase classname="testNG_byPavan.C1" name="abc" time="0.001"/>
</testsuite> <!-- testNG_byPavan.C1 -->
