<?xml version="1.0" encoding="UTF-8"?>
<!-- Generated by org.testng.reporters.JUnitReportReporter -->
<testsuite hostname="MAHESH-LAPTOP" failures="0" tests="2" name="testNG_byPavan.OpenCart_TestLogin_UsingDataProvider" time="30.661" errors="0" timestamp="2024-09-17T16:42:49 IST" skipped="0">
  <testcase classname="testNG_byPavan.OpenCart_TestLogin_UsingDataProvider" name="testLogin" time="20.194"/>
  <testcase classname="testNG_byPavan.OpenCart_TestLogin_UsingDataProvider" name="testLogin" time="10.467"/>
</testsuite> <!-- testNG_byPavan.OpenCart_TestLogin_UsingDataProvider -->
