<?xml version="1.0" encoding="UTF-8"?>
<!-- Generated by org.testng.reporters.JUnitReportReporter -->
<testsuite hostname="MAHESH-LAPTOP" failures="0" tests="3" name="study.testng.SignupTest" time="0.014" errors="0" timestamp="2024-10-31T09:17:49 IST" skipped="0">
  <testcase classname="study.testng.SignupTest" name="signupByEmail" time="0.008"/>
  <testcase classname="study.testng.SignupTest" name="signupByFacebook" time="0.005"/>
  <testcase classname="study.testng.SignupTest" name="signupByTwitter" time="0.001"/>
</testsuite> <!-- study.testng.SignupTest -->
