<?xml version="1.0" encoding="UTF-8"?>
<!-- Generated by org.testng.reporters.JUnitReportReporter -->
<testsuite hostname="MAHESH-LAPTOP" failures="0" tests="3" name="study.testng.LoginTest" time="0.017" errors="0" timestamp="2024-10-31T09:15:32 IST" skipped="0">
  <testcase classname="study.testng.LoginTest" name="loginByEmail" time="0.010"/>
  <testcase classname="study.testng.LoginTest" name="loginByFacebook" time="0.003"/>
  <testcase classname="study.testng.LoginTest" name="loginByTwitter" time="0.004"/>
</testsuite> <!-- study.testng.LoginTest -->
