<?xml version="1.0" encoding="UTF-8"?>
<!-- Generated by org.testng.reporters.JUnitReportReporter -->
<testsuite hostname="MAHESH-LAPTOP" failures="0" tests="3" name="testNG.LoginTest" time="0.013" errors="0" timestamp="2024-11-06T12:30:15 IST" skipped="0">
  <testcase classname="testNG.LoginTest" name="loginByEmail" time="0.010"/>
  <testcase classname="testNG.LoginTest" name="loginByFacebook" time="0.001"/>
  <testcase classname="testNG.LoginTest" name="loginByTwitter" time="0.002"/>
</testsuite> <!-- testNG.LoginTest -->
