<?xml version="1.0" encoding="UTF-8"?>
<!-- Generated by org.testng.reporters.JUnitReportReporter -->
<testsuite hostname="MAHESH-LAPTOP" failures="0" tests="2" name="opencart_PageFactoryModel.LoginTest" time="17.912" errors="0" timestamp="2024-09-18T13:47:54 IST" skipped="0">
  <testcase classname="opencart_PageFactoryModel.LoginTest" name="testLogin" time="6.200"/>
  <testcase classname="opencart_PageFactoryModel.LoginTest" name="testLogin" time="11.712"/>
</testsuite> <!-- opencart_PageFactoryModel.LoginTest -->
