<?xml version="1.0" encoding="UTF-8"?>
<!-- Generated by org.testng.reporters.JUnitReportReporter -->
<testsuite hostname="MAHESH-LAPTOP" failures="0" tests="5" name="selenium.Cookies" time="0.127" errors="0" timestamp="2024-11-11T01:10:00 IST" skipped="0">
  <testcase classname="selenium.Cookies" name="getAllCookies" time="0.044"/>
  <testcase classname="selenium.Cookies" name="addCookie" time="0.025"/>
  <testcase classname="selenium.Cookies" name="getSpecificCookie" time="0.012"/>
  <testcase classname="selenium.Cookies" name="deleteAllCookie" time="0.033"/>
  <testcase classname="selenium.Cookies" name="getAllCookies2" time="0.013"/>
</testsuite> <!-- selenium.Cookies -->
