<?xml version="1.0" encoding="UTF-8"?>
<!-- Generated by org.testng.reporters.JUnitReportReporter -->
<testsuite hostname="MAHESH-LAPTOP" failures="0" tests="2" name="testNG_byPavan.OpenCart_TestLogin_DataProvider_1" time="20.381" errors="0" timestamp="2024-09-17T11:20:43 IST" skipped="0">
  <testcase classname="testNG_byPavan.OpenCart_TestLogin_DataProvider_1" name="testLogin" time="8.641"/>
  <testcase classname="testNG_byPavan.OpenCart_TestLogin_DataProvider_1" name="testLogin" time="11.740"/>
</testsuite> <!-- testNG_byPavan.OpenCart_TestLogin_DataProvider_1 -->
