<?xml version="1.0" encoding="UTF-8"?>
<!-- Generated by org.testng.reporters.JUnitReportReporter -->
<testsuite hostname="MAHESH-LENOVO-LAPTOP" failures="0" tests="1" name="myProject.TC1_LoginTest" time="7.747" errors="0" timestamp="2024-08-12T10:42:06 IST" skipped="0">
  <testcase classname="myProject.TC1_LoginTest" name="testLoginData1" time="7.747"/>
</testsuite> <!-- myProject.TC1_LoginTest -->
