<?xml version="1.0" encoding="UTF-8"?>
<!-- Generated by org.testng.reporters.JUnitReportReporter -->
<testsuite hostname="MAHESH-LAPTOP" failures="0" tests="2" name="testNG_byPavan.AllAnnotations" time="0.014" errors="0" timestamp="2024-09-16T12:05:43 IST" skipped="0">
  <testcase classname="testNG_byPavan.AllAnnotations" name="test2" time="0.004"/>
  <testcase classname="testNG_byPavan.AllAnnotations" name="test1" time="0.010"/>
</testsuite> <!-- testNG_byPavan.AllAnnotations -->
