<?xml version="1.0" encoding="UTF-8"?>
<!-- Generated by org.testng.reporters.JUnitReportReporter -->
<testsuite hostname="MAHESH-LAPTOP" failures="0" tests="4" name="testNG_byPavan.OrangeHRM_WithListeners" time="43.149" errors="0" timestamp="2024-09-17T16:12:38 IST" skipped="0">
  <testcase classname="testNG_byPavan.OrangeHRM_WithListeners" name="testBrowserLaunch" time="43.057"/>
  <testcase classname="testNG_byPavan.OrangeHRM_WithListeners" name="testLogo" time="0.067"/>
  <testcase classname="testNG_byPavan.OrangeHRM_WithListeners" name="testAppURL" time="0.012"/>
  <testcase classname="testNG_byPavan.OrangeHRM_WithListeners" name="testPageTitle" time="0.013"/>
</testsuite> <!-- testNG_byPavan.OrangeHRM_WithListeners -->
