<?xml version="1.0" encoding="UTF-8"?>
<!-- Generated by org.testng.reporters.JUnitReportReporter -->
<testsuite hostname="MAHESH-LENOVO-LAPTOP" failures="0" tests="3" name="study.testng.LoginTest" time="0.021" errors="0" timestamp="2024-08-16T08:31:12 IST" skipped="0">
  <testcase classname="study.testng.LoginTest" name="loginByEmail" time="0.013"/>
  <testcase classname="study.testng.LoginTest" name="loginByFacebook" time="0.002"/>
  <testcase classname="study.testng.LoginTest" name="loginByTwitter" time="0.006"/>
</testsuite> <!-- study.testng.LoginTest -->
