<?xml version="1.0" encoding="UTF-8"?>
<!-- Generated by org.testng.reporters.JUnitReportReporter -->
<testsuite hostname="MAHESH-LENOVO-LAPTOP" failures="0" tests="3" name="study.testng.SignupTest" time="0.019" errors="0" timestamp="2024-08-16T08:31:54 IST" skipped="0">
  <testcase classname="study.testng.SignupTest" name="signupByEmail" time="0.011"/>
  <testcase classname="study.testng.SignupTest" name="signupByFacebook" time="0.004"/>
  <testcase classname="study.testng.SignupTest" name="signupByTwitter" time="0.004"/>
</testsuite> <!-- study.testng.SignupTest -->
