<?xml version="1.0" encoding="UTF-8"?>
<!-- Generated by org.testng.reporters.JUnitReportReporter -->
<testsuite hostname="MAHESH-LENOVO-LAPTOP" failures="0" tests="1" name="javaprograms.PS1" time="0.028" errors="0" timestamp="2024-08-12T14:13:01 IST" skipped="0">
  <testcase classname="javaprograms.PS1" name="testRun" time="0.028"/>
</testsuite> <!-- javaprograms.PS1 -->
