<?xml version="1.0" encoding="UTF-8"?>
<!-- Generated by org.testng.reporters.JUnitReportReporter -->
<testsuite hostname="MAHESH-LENOVO-LAPTOP" failures="0" tests="5" name="testNG.LaunchGoogle" time="21.536" errors="0" timestamp="2024-08-12T16:50:01 IST" skipped="0">
  <testcase classname="testNG.LaunchGoogle" name="openBrowser" time="1.553">
    <system-out>
      <![CDATA[Browser launched.]]>
    </system-out>
  </testcase> <!-- openBrowser -->
  <testcase classname="testNG.LaunchGoogle" name="launchApplication" time="4.748">
    <system-out>
      <![CDATA[Google searched.]]>
    </system-out>
  </testcase> <!-- launchApplication -->
  <testcase classname="testNG.LaunchGoogle" name="searchAndClick" time="5.029">
    <system-out>
      <![CDATA[The text Facebook typed.]]>
    </system-out>
  </testcase> <!-- searchAndClick -->
  <testcase classname="testNG.LaunchGoogle" name="verifyPageTitle" time="5.025">
    <system-out>
      <![CDATA[Title verified.]]>
    </system-out>
  </testcase> <!-- verifyPageTitle -->
  <testcase classname="testNG.LaunchGoogle" name="closeBrowser" time="5.181">
    <system-out>
      <![CDATA[Driver closed...]]>
    </system-out>
  </testcase> <!-- closeBrowser -->
  <system-out>
    <![CDATA[Browser launched.
Google searched.
The text Facebook typed.
Title verified.
Driver closed...]]>
  </system-out>
</testsuite> <!-- testNG.LaunchGoogle -->
