<?xml version="1.0" encoding="UTF-8"?>
<!-- Generated by org.testng.reporters.JUnitReportReporter -->
<testsuite hostname="MAHESH-LAPTOP" failures="0" tests="1" name="study.interview.Demo_HandleWindow" time="118.207" errors="0" timestamp="2024-11-10T16:10:16 IST" skipped="0">
  <testcase classname="study.interview.Demo_HandleWindow" name="testBrokenLinks" time="118.207"/>
</testsuite> <!-- study.interview.Demo_HandleWindow -->
